<?xml version="1.0" encoding="UTF-8"?>
<!-- Generated by org.testng.reporters.JUnitXMLReporter -->
<testsuite ignored="0" hostname="LAPTOP-E1O7I058" failures="0" tests="6" name="Default test" time="23.31" errors="0" timestamp="2026-01-28T17:07:08 IST">
  <testcase classname="tests.HomePageTests" name="test1_loginValidation" time="1.844"/>
  <testcase classname="tests.HomePageTests" name="test2_listGroupValidation" time="0.26"/>
  <testcase classname="tests.HomePageTests" name="test3_dropdownValidation" time="1.916"/>
  <testcase classname="tests.HomePageTests" name="test4_buttonStateValidation" time="0.13"/>
  <testcase classname="tests.HomePageTests" name="test5_dynamicButtonValidation" time="7.197"/>
  <testcase classname="tests.HomePageTests" name="test6_tableValidation" time="0.08"/>
</testsuite> <!-- Default test -->
