<?xml version="1.0" encoding="UTF-8"?>
<!-- Generated by org.testng.reporters.JUnitXMLReporter -->
<testsuite ignored="0" hostname="LAPTOP-E1O7I058" failures="0" tests="6" name="Default test" time="28.386" errors="0" timestamp="2026-01-28T17:58:25 IST">
  <testcase classname="tests.HomePageTests" name="test1_loginValidation" time="0.795"/>
  <testcase classname="tests.HomePageTests" name="test2_listGroupValidation" time="0.198"/>
  <testcase classname="tests.HomePageTests" name="test3_dropdownValidation" time="0.541"/>
  <testcase classname="tests.HomePageTests" name="test4_buttonStateValidation" time="0.137"/>
  <testcase classname="tests.HomePageTests" name="test5_dynamicButtonValidation" time="7.614"/>
  <testcase classname="tests.HomePageTests" name="test6_tableValidation" time="0.07"/>
</testsuite> <!-- Default test -->
