<?xml version="1.0" encoding="UTF-8"?>
<testng-results ignored="0" total="6" passed="6" failed="0" skipped="0">
  <reporter-output>
  </reporter-output>
  <suite started-at="2026-01-28T17:57:57 IST" name="Default suite" finished-at="2026-01-28T17:58:25 IST" duration-ms="28386">
    <groups>
    </groups>
    <test started-at="2026-01-28T17:57:57 IST" name="Default test" finished-at="2026-01-28T17:58:25 IST" duration-ms="28386">
      <class name="tests.HomePageTests">
        <test-method is-config="true" signature="startReport()[pri:0, instance:tests.HomePageTests@411f53a0]" started-at="2026-01-28T17:57:56 IST" name="startReport" finished-at="2026-01-28T17:57:57 IST" duration-ms="561" status="PASS">
          <reporter-output>
          </reporter-output>
        </test-method> <!-- startReport -->
        <test-method is-config="true" signature="setup(java.lang.reflect.Method)[pri:0, instance:tests.HomePageTests@411f53a0]" started-at="2026-01-28T17:57:57 IST" name="setup" finished-at="2026-01-28T17:58:03 IST" duration-ms="5709" status="PASS">
          <params>
            <param index="0">
              <value>
                <![CDATA[public void tests.HomePageTests.test1_loginValidation()]]>
              </value>
            </param>
          </params>
          <reporter-output>
          </reporter-output>
        </test-method> <!-- setup -->
        <test-method signature="test1_loginValidation()[pri:0, instance:tests.HomePageTests@411f53a0]" started-at="2026-01-28T17:58:03 IST" name="test1_loginValidation" finished-at="2026-01-28T17:58:04 IST" duration-ms="795" status="PASS">
          <reporter-output>
          </reporter-output>
        </test-method> <!-- test1_loginValidation -->
        <test-method is-config="true" signature="tearDown()[pri:0, instance:tests.HomePageTests@411f53a0]" started-at="2026-01-28T17:58:04 IST" name="tearDown" finished-at="2026-01-28T17:58:04 IST" duration-ms="524" status="PASS">
          <reporter-output>
          </reporter-output>
        </test-method> <!-- tearDown -->
        <test-method is-config="true" signature="setup(java.lang.reflect.Method)[pri:0, instance:tests.HomePageTests@411f53a0]" started-at="2026-01-28T17:58:04 IST" name="setup" finished-at="2026-01-28T17:58:06 IST" duration-ms="2107" status="PASS">
          <params>
            <param index="0">
              <value>
                <![CDATA[public void tests.HomePageTests.test2_listGroupValidation()]]>
              </value>
            </param>
          </params>
          <reporter-output>
          </reporter-output>
        </test-method> <!-- setup -->
        <test-method signature="test2_listGroupValidation()[pri:0, instance:tests.HomePageTests@411f53a0]" started-at="2026-01-28T17:58:06 IST" name="test2_listGroupValidation" finished-at="2026-01-28T17:58:06 IST" duration-ms="198" status="PASS">
          <reporter-output>
          </reporter-output>
        </test-method> <!-- test2_listGroupValidation -->
        <test-method is-config="true" signature="tearDown()[pri:0, instance:tests.HomePageTests@411f53a0]" started-at="2026-01-28T17:58:06 IST" name="tearDown" finished-at="2026-01-28T17:58:07 IST" duration-ms="348" status="PASS">
          <reporter-output>
          </reporter-output>
        </test-method> <!-- tearDown -->
        <test-method is-config="true" signature="setup(java.lang.reflect.Method)[pri:0, instance:tests.HomePageTests@411f53a0]" started-at="2026-01-28T17:58:07 IST" name="setup" finished-at="2026-01-28T17:58:09 IST" duration-ms="1921" status="PASS">
          <params>
            <param index="0">
              <value>
                <![CDATA[public void tests.HomePageTests.test3_dropdownValidation()]]>
              </value>
            </param>
          </params>
          <reporter-output>
          </reporter-output>
        </test-method> <!-- setup -->
        <test-method signature="test3_dropdownValidation()[pri:0, instance:tests.HomePageTests@411f53a0]" started-at="2026-01-28T17:58:09 IST" name="test3_dropdownValidation" finished-at="2026-01-28T17:58:09 IST" duration-ms="541" status="PASS">
          <reporter-output>
          </reporter-output>
        </test-method> <!-- test3_dropdownValidation -->
        <test-method is-config="true" signature="tearDown()[pri:0, instance:tests.HomePageTests@411f53a0]" started-at="2026-01-28T17:58:09 IST" name="tearDown" finished-at="2026-01-28T17:58:10 IST" duration-ms="381" status="PASS">
          <reporter-output>
          </reporter-output>
        </test-method> <!-- tearDown -->
        <test-method is-config="true" signature="setup(java.lang.reflect.Method)[pri:0, instance:tests.HomePageTests@411f53a0]" started-at="2026-01-28T17:58:10 IST" name="setup" finished-at="2026-01-28T17:58:12 IST" duration-ms="2092" status="PASS">
          <params>
            <param index="0">
              <value>
                <![CDATA[public void tests.HomePageTests.test4_buttonStateValidation()]]>
              </value>
            </param>
          </params>
          <reporter-output>
          </reporter-output>
        </test-method> <!-- setup -->
        <test-method signature="test4_buttonStateValidation()[pri:0, instance:tests.HomePageTests@411f53a0]" started-at="2026-01-28T17:58:12 IST" name="test4_buttonStateValidation" finished-at="2026-01-28T17:58:12 IST" duration-ms="137" status="PASS">
          <reporter-output>
          </reporter-output>
        </test-method> <!-- test4_buttonStateValidation -->
        <test-method is-config="true" signature="tearDown()[pri:0, instance:tests.HomePageTests@411f53a0]" started-at="2026-01-28T17:58:12 IST" name="tearDown" finished-at="2026-01-28T17:58:12 IST" duration-ms="342" status="PASS">
          <reporter-output>
          </reporter-output>
        </test-method> <!-- tearDown -->
        <test-method is-config="true" signature="setup(java.lang.reflect.Method)[pri:0, instance:tests.HomePageTests@411f53a0]" started-at="2026-01-28T17:58:12 IST" name="setup" finished-at="2026-01-28T17:58:15 IST" duration-ms="2412" status="PASS">
          <params>
            <param index="0">
              <value>
                <![CDATA[public void tests.HomePageTests.test5_dynamicButtonValidation()]]>
              </value>
            </param>
          </params>
          <reporter-output>
          </reporter-output>
        </test-method> <!-- setup -->
        <test-method signature="test5_dynamicButtonValidation()[pri:0, instance:tests.HomePageTests@411f53a0]" started-at="2026-01-28T17:58:15 IST" name="test5_dynamicButtonValidation" finished-at="2026-01-28T17:58:22 IST" duration-ms="7614" status="PASS">
          <reporter-output>
          </reporter-output>
        </test-method> <!-- test5_dynamicButtonValidation -->
        <test-method is-config="true" signature="tearDown()[pri:0, instance:tests.HomePageTests@411f53a0]" started-at="2026-01-28T17:58:22 IST" name="tearDown" finished-at="2026-01-28T17:58:23 IST" duration-ms="403" status="PASS">
          <reporter-output>
          </reporter-output>
        </test-method> <!-- tearDown -->
        <test-method is-config="true" signature="setup(java.lang.reflect.Method)[pri:0, instance:tests.HomePageTests@411f53a0]" started-at="2026-01-28T17:58:23 IST" name="setup" finished-at="2026-01-28T17:58:25 IST" duration-ms="2341" status="PASS">
          <params>
            <param index="0">
              <value>
                <![CDATA[public void tests.HomePageTests.test6_tableValidation()]]>
              </value>
            </param>
          </params>
          <reporter-output>
          </reporter-output>
        </test-method> <!-- setup -->
        <test-method signature="test6_tableValidation()[pri:0, instance:tests.HomePageTests@411f53a0]" started-at="2026-01-28T17:58:25 IST" name="test6_tableValidation" finished-at="2026-01-28T17:58:25 IST" duration-ms="70" status="PASS">
          <reporter-output>
          </reporter-output>
        </test-method> <!-- test6_tableValidation -->
        <test-method is-config="true" signature="tearDown()[pri:0, instance:tests.HomePageTests@411f53a0]" started-at="2026-01-28T17:58:25 IST" name="tearDown" finished-at="2026-01-28T17:58:25 IST" duration-ms="313" status="PASS">
          <reporter-output>
          </reporter-output>
        </test-method> <!-- tearDown -->
        <test-method is-config="true" signature="flushReport()[pri:0, instance:tests.HomePageTests@411f53a0]" started-at="2026-01-28T17:58:25 IST" name="flushReport" finished-at="2026-01-28T17:58:26 IST" duration-ms="958" status="PASS">
          <reporter-output>
          </reporter-output>
        </test-method> <!-- flushReport -->
      </class> <!-- tests.HomePageTests -->
    </test> <!-- Default test -->
  </suite> <!-- Default suite -->
</testng-results>
