<?xml version="1.0" encoding="UTF-8"?>
<!-- Generated by org.testng.reporters.JUnitReportReporter -->
<testsuite hostname="LAPTOP-E1O7I058" failures="0" tests="6" name="tests.HomePageTests" time="23.258" errors="0" timestamp="2026-01-28T17:07:09 IST" skipped="0">
  <testcase classname="tests.HomePageTests" name="test3_dropdownValidation" time="5.176"/>
  <testcase classname="tests.HomePageTests" name="test5_dynamicButtonValidation" time="8.868"/>
  <testcase classname="tests.HomePageTests" name="test6_tableValidation" time="1.782"/>
  <testcase classname="tests.HomePageTests" name="test1_loginValidation" time="3.733"/>
  <testcase classname="tests.HomePageTests" name="test2_listGroupValidation" time="1.946"/>
  <testcase classname="tests.HomePageTests" name="test4_buttonStateValidation" time="1.753"/>
</testsuite> <!-- tests.HomePageTests -->
