<?xml version="1.0" encoding="UTF-8"?>
<!-- Generated by org.testng.reporters.JUnitReportReporter -->
<testsuite hostname="LAPTOP-E1O7I058" failures="0" tests="6" name="tests.HomePageTests" time="28.248" errors="0" timestamp="2026-01-28T17:58:27 IST" skipped="0">
  <testcase classname="tests.HomePageTests" name="test1_loginValidation" time="3.610"/>
  <testcase classname="tests.HomePageTests" name="test5_dynamicButtonValidation" time="10.059"/>
  <testcase classname="tests.HomePageTests" name="test3_dropdownValidation" time="2.981"/>
  <testcase classname="tests.HomePageTests" name="test6_tableValidation" time="6.160"/>
  <testcase classname="tests.HomePageTests" name="test2_listGroupValidation" time="2.881"/>
  <testcase classname="tests.HomePageTests" name="test4_buttonStateValidation" time="2.557"/>
</testsuite> <!-- tests.HomePageTests -->
